

=== KEYLOGGER SESSION STARTED AT 2025-11-01 22:42:54.150302 ===
[2025-11-01 22:43:00.705984] caps lock
[2025-11-01 22:43:01.417404] M
[2025-11-01 22:43:01.863793] caps lock
[2025-11-01 22:43:02.545603] y
[2025-11-01 22:43:02.777371] space
[2025-11-01 22:43:03.266053] f
[2025-11-01 22:43:03.580308] i
[2025-11-01 22:43:03.898925] r
[2025-11-01 22:43:04.319381] s
[2025-11-01 22:43:04.619227] t
[2025-11-01 22:43:04.844965] space
[2025-11-01 22:43:06.083837] k
[2025-11-01 22:43:06.300079] e
[2025-11-01 22:43:06.570568] y
[2025-11-01 22:43:06.778686] space
[2025-11-01 22:43:08.016953] l
[2025-11-01 22:43:08.262723] o
[2025-11-01 22:43:09.034518] g
[2025-11-01 22:43:09.251608] g
[2025-11-01 22:43:09.523277] e
[2025-11-01 22:43:09.813765] r
[2025-11-01 22:43:10.077775] space
[2025-11-01 22:43:10.861374] p
[2025-11-01 22:43:11.166177] r
[2025-11-01 22:43:11.368892] o
[2025-11-01 22:43:11.910130] j
[2025-11-01 22:43:12.102942] e
[2025-11-01 22:43:12.431840] c
[2025-11-01 22:43:12.677294] t
[2025-11-01 22:43:15.978275] esc

=== Session Duration: 0:00:21.825801 ===
